D:\Data\C++\项目\高速公路车流分析\HTFA\HTFA4.18\Temp\Compile\HTFA4.18\x64\cl.command.1.tlog
D:\Data\C++\项目\高速公路车流分析\HTFA\HTFA4.18\Temp\Compile\HTFA4.18\x64\CL.read.1.tlog
D:\Data\C++\项目\高速公路车流分析\HTFA\HTFA4.18\Temp\Compile\HTFA4.18\x64\CL.write.1.tlog
D:\DATA\C++\项目\高速公路车流分析\HTFA\HTFA4.18\TEMP\COMPILE\HTFA4.18\X64\FRAMETOBINARY.OBJ
D:\DATA\C++\项目\高速公路车流分析\HTFA\HTFA4.18\TEMP\COMPILE\HTFA4.18\X64\HTFA4.18.EXE.EMBED.MANIFEST
D:\DATA\C++\项目\高速公路车流分析\HTFA\HTFA4.18\TEMP\COMPILE\HTFA4.18\X64\HTFA4.18.EXE.EMBED.MANIFEST.RES
D:\DATA\C++\项目\高速公路车流分析\HTFA\HTFA4.18\TEMP\COMPILE\HTFA4.18\X64\HTFA4.18.EXE.INTERMEDIATE.MANIFEST
D:\DATA\C++\项目\高速公路车流分析\HTFA\HTFA4.18\TEMP\COMPILE\HTFA4.18\X64\HTFA4.18.OBJ
D:\DATA\C++\项目\高速公路车流分析\HTFA\HTFA4.18\TEMP\COMPILE\HTFA4.18\X64\HTFA4.18.PCH
D:\DATA\C++\项目\高速公路车流分析\HTFA\HTFA4.18\TEMP\COMPILE\HTFA4.18\X64\HTFA4.18.RES
D:\Data\C++\项目\高速公路车流分析\HTFA\HTFA4.18\Temp\Compile\HTFA4.18\x64\HTFA4.18.vcxprojResolveAssemblyReference.cache
D:\Data\C++\项目\高速公路车流分析\HTFA\HTFA4.18\Temp\Compile\HTFA4.18\x64\HTFA4.18.write.1.tlog
D:\Data\C++\项目\高速公路车流分析\HTFA\HTFA4.18\Temp\Compile\HTFA4.18\x64\HTFA4.18_manifest.rc
D:\DATA\C++\项目\高速公路车流分析\HTFA\HTFA4.18\TEMP\COMPILE\HTFA4.18\X64\HTFA4.18DLG.OBJ
D:\Data\C++\项目\高速公路车流分析\HTFA\HTFA4.18\Temp\Compile\HTFA4.18\x64\link.12884.read.1.tlog
D:\Data\C++\项目\高速公路车流分析\HTFA\HTFA4.18\Temp\Compile\HTFA4.18\x64\link.12884.write.1.tlog
D:\Data\C++\项目\高速公路车流分析\HTFA\HTFA4.18\Temp\Compile\HTFA4.18\x64\link.12884-cvtres.read.1.tlog
D:\Data\C++\项目\高速公路车流分析\HTFA\HTFA4.18\Temp\Compile\HTFA4.18\x64\link.12884-cvtres.write.1.tlog
D:\Data\C++\项目\高速公路车流分析\HTFA\HTFA4.18\Temp\Compile\HTFA4.18\x64\link.12920.read.1.tlog
D:\Data\C++\项目\高速公路车流分析\HTFA\HTFA4.18\Temp\Compile\HTFA4.18\x64\link.12920.write.1.tlog
D:\Data\C++\项目\高速公路车流分析\HTFA\HTFA4.18\Temp\Compile\HTFA4.18\x64\link.12920-cvtres.read.1.tlog
D:\Data\C++\项目\高速公路车流分析\HTFA\HTFA4.18\Temp\Compile\HTFA4.18\x64\link.12920-cvtres.write.1.tlog
D:\Data\C++\项目\高速公路车流分析\HTFA\HTFA4.18\Temp\Compile\HTFA4.18\x64\link.command.1.tlog
D:\Data\C++\项目\高速公路车流分析\HTFA\HTFA4.18\Temp\Compile\HTFA4.18\x64\link.read.1.tlog
D:\Data\C++\项目\高速公路车流分析\HTFA\HTFA4.18\Temp\Compile\HTFA4.18\x64\link.write.1.tlog
D:\Data\C++\项目\高速公路车流分析\HTFA\HTFA4.18\Temp\Compile\HTFA4.18\x64\link-cvtres.read.1.tlog
D:\Data\C++\项目\高速公路车流分析\HTFA\HTFA4.18\Temp\Compile\HTFA4.18\x64\link-cvtres.write.1.tlog
D:\Data\C++\项目\高速公路车流分析\HTFA\HTFA4.18\Temp\Compile\HTFA4.18\x64\mt.command.1.tlog
D:\Data\C++\项目\高速公路车流分析\HTFA\HTFA4.18\Temp\Compile\HTFA4.18\x64\mt.read.1.tlog
D:\Data\C++\项目\高速公路车流分析\HTFA\HTFA4.18\Temp\Compile\HTFA4.18\x64\mt.write.1.tlog
D:\Data\C++\项目\高速公路车流分析\HTFA\HTFA4.18\Temp\Compile\HTFA4.18\x64\rc.command.1.tlog
D:\Data\C++\项目\高速公路车流分析\HTFA\HTFA4.18\Temp\Compile\HTFA4.18\x64\rc.read.1.tlog
D:\Data\C++\项目\高速公路车流分析\HTFA\HTFA4.18\Temp\Compile\HTFA4.18\x64\rc.write.1.tlog
D:\DATA\C++\项目\高速公路车流分析\HTFA\HTFA4.18\TEMP\COMPILE\HTFA4.18\X64\STDAFX.OBJ
D:\Data\C++\项目\高速公路车流分析\HTFA\HTFA4.18\Temp\Compile\HTFA4.18\x64\vc100.idb
D:\DATA\C++\项目\高速公路车流分析\HTFA\HTFA4.18\TEMP\COMPILE\HTFA4.18\X64\VC100.PDB
D:\DATA\C++\项目\高速公路车流分析\HTFA\HTFA4.18\TEMP\LINK\HTFA4.18\X64\HTFA4.18.EXE
D:\DATA\C++\项目\高速公路车流分析\HTFA\HTFA4.18\TEMP\LINK\HTFA4.18\X64\HTFA4.18.ILK
D:\DATA\C++\项目\高速公路车流分析\HTFA\HTFA4.18\TEMP\LINK\HTFA4.18\X64\HTFA4.18.PDB
