生成启动时间为 2016/4/19 16:18:41。
     1>项目“D:\Data\C++\项目\高速公路车流分析\HTFA\HTFA4.18\HTFA4.18\HTFA4.18.vcxproj”在节点 2 上(build 个目标)。
     1>InitializeBuildStatus:
         正在对“D:\Data\C++\项目\高速公路车流分析\HTFA\HTFA4.18\Temp\Compile\HTFA4.18\x64\HTFA4.18.unsuccessfulbuild”执行 Touch 任务。
       ClCompile:
         所有输出均为最新。
         C:\Program Files (x86)\Microsoft Visual Studio 10.0\VC\bin\x86_amd64\CL.exe /c /I"D:\Data\C++\项目\高速公路车流分析\HTFA\HTFA4.18\Include" /I"D:\Data\C++\项目\高速公路车流分析\HTFA\HTFA4.18\Include\opencv" /I"D:\Data\C++\项目\高速公路车流分析\HTFA\HTFA4.18\Include\opencv2" /Zi /nologo /W3 /WX- /Od /D WIN32 /D _WINDOWS /D _DEBUG /D _UNICODE /D UNICODE /D _AFXDLL /Gm /EHsc /RTC1 /MDd /GS /fp:precise /Zc:wchar_t /Zc:forScope /Yu"StdAfx.h" /Fp"D:\Data\C++\项目\高速公路车流分析\HTFA\HTFA4.18\Temp\Compile\HTFA4.18\x64\HTFA4.18.pch" /Fo"D:\Data\C++\项目\高速公路车流分析\HTFA\HTFA4.18\Temp\Compile\HTFA4.18\x64\\" /Fd"D:\Data\C++\项目\高速公路车流分析\HTFA\HTFA4.18\Temp\Compile\HTFA4.18\x64\vc100.pdb" /Gd /TP /errorReport:prompt HTFA4.18Dlg.cpp
         HTFA4.18Dlg.cpp
       ResourceCompile:
         所有输出均为最新。
       ManifestResourceCompile:
         所有输出均为最新。
       Link:
         C:\Program Files (x86)\Microsoft Visual Studio 10.0\VC\bin\x86_amd64\link.exe /ERRORREPORT:PROMPT /OUT:"D:\Data\C++\项目\高速公路车流分析\HTFA\HTFA4.18\Temp\Link\HTFA4.18\x64\HTFA4.18.exe" /INCREMENTAL /NOLOGO /LIBPATH:"D:\Data\C++\项目\高速公路车流分析\HTFA\HTFA4.18\Lib\sciter" /LIBPATH:"D:\Data\C++\项目\高速公路车流分析\HTFA\HTFA4.18\Lib\opencv" /LIBPATH:"D:\Data\C++\项目\高速公路车流分析\HTFA\HTFA4.18\Lib\x64" opencv_ml249d.lib opencv_calib3d249d.lib opencv_contrib249d.lib opencv_core249d.lib opencv_features2d249d.lib opencv_flann249d.lib opencv_gpu249d.lib opencv_highgui249d.lib opencv_imgproc249d.lib opencv_legacy249d.lib opencv_objdetect249d.lib opencv_ts249d.lib opencv_video249d.lib opencv_nonfree249d.lib opencv_ocl249d.lib opencv_photo249d.lib opencv_stitching249d.lib opencv_superres249d.lib opencv_videostab249d.lib /MANIFEST /ManifestFile:"D:\Data\C++\项目\高速公路车流分析\HTFA\HTFA4.18\Temp\Compile\HTFA4.18\x64\HTFA4.18.exe.intermediate.manifest" /MANIFESTUAC:"level='asInvoker' uiAccess='false'" /DEBUG /PDB:"D:\Data\C++\项目\高速公路车流分析\HTFA\HTFA4.18\Temp\Link\HTFA4.18\x64\HTFA4.18.pdb" /SUBSYSTEM:WINDOWS /TLBID:1 /ENTRY:"wWinMainCRTStartup" /DYNAMICBASE /NXCOMPAT /IMPLIB:"D:\Data\C++\项目\高速公路车流分析\HTFA\HTFA4.18\Temp\Link\HTFA4.18\x64\HTFA4.18.lib" /MACHINE:X64 "D:\Data\C++\项目\高速公路车流分析\HTFA\HTFA4.18\Temp\Compile\HTFA4.18\x64\HTFA4.18.res"
         "D:\Data\C++\项目\高速公路车流分析\HTFA\HTFA4.18\Temp\Compile\HTFA4.18\x64\HTFA4.18.exe.embed.manifest.res"
         "D:\Data\C++\项目\高速公路车流分析\HTFA\HTFA4.18\Temp\Compile\HTFA4.18\x64\FrameToBinary.obj"
         "D:\Data\C++\项目\高速公路车流分析\HTFA\HTFA4.18\Temp\Compile\HTFA4.18\x64\HTFA4.18.obj"
         "D:\Data\C++\项目\高速公路车流分析\HTFA\HTFA4.18\Temp\Compile\HTFA4.18\x64\HTFA4.18Dlg.obj"
         "D:\Data\C++\项目\高速公路车流分析\HTFA\HTFA4.18\Temp\Compile\HTFA4.18\x64\stdafx.obj"
         HTFA4.18.vcxproj -> D:\Data\C++\项目\高速公路车流分析\HTFA\HTFA4.18\Temp\Link\HTFA4.18\x64\HTFA4.18.exe
       Manifest:
         C:\Program Files (x86)\Microsoft SDKs\Windows\v7.0A\bin\mt.exe /nologo /verbose /out:"D:\Data\C++\项目\高速公路车流分析\HTFA\HTFA4.18\Temp\Compile\HTFA4.18\x64\HTFA4.18.exe.embed.manifest" /manifest "D:\Data\C++\项目\高速公路车流分析\HTFA\HTFA4.18\Temp\Compile\HTFA4.18\x64\HTFA4.18.exe.intermediate.manifest" "C:\Program Files (x86)\Microsoft Visual Studio 10.0\VC\Include\Manifest\dpiaware.manifest"
         所有输出均为最新。
       LinkEmbedManifest:
         所有输出均为最新。
         HTFA4.18.vcxproj -> D:\Data\C++\项目\高速公路车流分析\HTFA\HTFA4.18\Temp\Link\HTFA4.18\x64\HTFA4.18.exe
       PostBuildEvent:
         echo D | xcopy "D:\Data\C++\项目\高速公路车流分析\HTFA\HTFA4.18\Temp\Link\HTFA4.18\x64\HTFA4.18.exe" "D:\Data\C++\项目\高速公路车流分析\HTFA\HTFA4.18\Bin\x64\Debug" /y
         :VCEnd
         D:\Data\C++\项目\高速公路车流分析\HTFA\HTFA4.18\Temp\Link\HTFA4.18\x64\HTFA4.18.exe
         复制了 1 个文件
       FinalizeBuildStatus:
         正在删除文件“D:\Data\C++\项目\高速公路车流分析\HTFA\HTFA4.18\Temp\Compile\HTFA4.18\x64\HTFA4.18.unsuccessfulbuild”。
         正在对“D:\Data\C++\项目\高速公路车流分析\HTFA\HTFA4.18\Temp\Compile\HTFA4.18\x64\HTFA4.18.lastbuildstate”执行 Touch 任务。
     1>已完成生成项目“D:\Data\C++\项目\高速公路车流分析\HTFA\HTFA4.18\HTFA4.18\HTFA4.18.vcxproj”(build 个目标)的操作。

生成成功。

已用时间 00:00:16.21
